Mon Mar 16 15:41:40 EDT 2020
Slurm nodes: evc6
You were assigned 1 gpu(s)
Please run `conda env list` to see a list of all available environments. Use
`source activate <env>` to activate the environment '<env>'. 
Please run `conda env list` to see a list of all available environments. Use
`source activate <env>` to activate the environment '<env>'. 

 Started Training
==================================================================================================
512 1 4 4
Copying feature extractor weights to new network...
/lustre/fs0/home/cap6412.student14/2Assignment/res_34_sig/models/resnet.py:144: UserWarning: nn.init.kaiming_normal is now deprecated in favor of nn.init.kaiming_normal_.
  m.weight = nn.init.kaiming_normal(m.weight, mode='fan_out')
/lustre/fs0/home/cap6412.student14/2Assignment/res_34_sig/models/resnet.py:231: UserWarning: nn.init.kaiming_normal is now deprecated in favor of nn.init.kaiming_normal_.
  m.weight = nn.init.kaiming_normal(m.weight, mode='fan_out')
/home/cap6412.student14/my-envs/pyt/lib/python3.7/site-packages/torch/nn/_reduction.py:43: UserWarning: size_average and reduce args will be deprecated, please use reduction='none' instead.
  warnings.warn(warning.format(ret))
Epoch [1/100], timer: 0.1473 sec/batch.
loss: 0.3176 , loss_c: 0.1868 , loss_l: 0.1297 , loss_con: 0.0011, lr : 0.0030
Training Accuracy : 97 
Training IoU : 3 
/home/cap6412.student14/my-envs/pyt/lib/python3.7/site-packages/torch/nn/functional.py:1351: UserWarning: nn.functional.sigmoid is deprecated. Use torch.sigmoid instead.
  warnings.warn("nn.functional.sigmoid is deprecated. Use torch.sigmoid instead.")
train_test_model_2.py:153: UserWarning: Implicit dimension choice for softmax has been deprecated. Change the call to include dim=X as an argument.
  conf = F.softmax(conf)
train_test_model_2.py:154: UserWarning: Implicit dimension choice for softmax has been deprecated. Change the call to include dim=X as an argument.
  conf_flip = F.softmax(conf_flip)
Epoch [2/100], timer: 0.0900 sec/batch.
loss: 0.2472 , loss_c: 0.1681 , loss_l: 0.0781 , loss_con: 0.0010, lr : 0.0030
Training Accuracy : 98 
Training IoU : 5 
Epoch [3/100], timer: 0.0904 sec/batch.
loss: 0.2297 , loss_c: 0.1621 , loss_l: 0.0667 , loss_con: 0.0009, lr : 0.0030
Training Accuracy : 98 
Training IoU : 6 
Epoch [4/100], timer: 0.0913 sec/batch.
loss: 0.2125 , loss_c: 0.1574 , loss_l: 0.0541 , loss_con: 0.0009, lr : 0.0030
Training Accuracy : 99 
Training IoU : 6 
Epoch [5/100], timer: 0.0900 sec/batch.
loss: 0.1993 , loss_c: 0.1527 , loss_l: 0.0457 , loss_con: 0.0009, lr : 0.0015
Training Accuracy : 99 
Training IoU : 8 
Epoch [6/100], timer: 0.0905 sec/batch.
loss: 0.1925 , loss_c: 0.1493 , loss_l: 0.0424 , loss_con: 0.0009, lr : 0.0015
Training Accuracy : 99 
Training IoU : 8 
Epoch [7/100], timer: 0.0903 sec/batch.
loss: 0.1864 , loss_c: 0.1480 , loss_l: 0.0375 , loss_con: 0.0009, lr : 0.0015
Training Accuracy : 99 
Training IoU : 8 
Epoch [8/100], timer: 0.0888 sec/batch.
loss: 0.1850 , loss_c: 0.1478 , loss_l: 0.0364 , loss_con: 0.0009, lr : 0.0015
Training Accuracy : 99 
Training IoU : 8 
Epoch [9/100], timer: 0.2019 sec/batch.
loss: 0.1820 , loss_c: 0.1468 , loss_l: 0.0344 , loss_con: 0.0008, lr : 0.0015
Training Accuracy : 99 
Training IoU : 9 
Epoch [10/100], timer: 0.0905 sec/batch.
loss: 0.1815 , loss_c: 0.1458 , loss_l: 0.0349 , loss_con: 0.0008, lr : 0.0008
Training Accuracy : 99 
Training IoU : 9 
Epoch [11/100], timer: 0.0903 sec/batch.
loss: 0.1774 , loss_c: 0.1458 , loss_l: 0.0308 , loss_con: 0.0008, lr : 0.0008
Training Accuracy : 99 
Training IoU : 9 
Epoch [12/100], timer: 0.0903 sec/batch.
loss: 0.1752 , loss_c: 0.1447 , loss_l: 0.0297 , loss_con: 0.0008, lr : 0.0008
Training Accuracy : 99 
Training IoU : 10 
Epoch [13/100], timer: 0.0903 sec/batch.
loss: 0.1756 , loss_c: 0.1444 , loss_l: 0.0305 , loss_con: 0.0008, lr : 0.0008
Training Accuracy : 99 
Training IoU : 9 
Epoch [14/100], timer: 0.0903 sec/batch.
loss: 0.1737 , loss_c: 0.1439 , loss_l: 0.0290 , loss_con: 0.0008, lr : 0.0008
Training Accuracy : 99 
Training IoU : 9 
Epoch [15/100], timer: 0.0897 sec/batch.
loss: 0.1723 , loss_c: 0.1435 , loss_l: 0.0281 , loss_con: 0.0008, lr : 0.0004
Training Accuracy : 99 
Training IoU : 9 
Epoch [16/100], timer: 0.0901 sec/batch.
loss: 0.1711 , loss_c: 0.1437 , loss_l: 0.0266 , loss_con: 0.0008, lr : 0.0004
Training Accuracy : 99 
Training IoU : 10 
Epoch [17/100], timer: 0.0936 sec/batch.
loss: 0.1774 , loss_c: 0.1435 , loss_l: 0.0331 , loss_con: 0.0008, lr : 0.0004
Training Accuracy : 99 
Training IoU : 10 
Epoch [18/100], timer: 0.0901 sec/batch.
loss: 0.1721 , loss_c: 0.1436 , loss_l: 0.0277 , loss_con: 0.0008, lr : 0.0004
Training Accuracy : 99 
Training IoU : 10 
Epoch [19/100], timer: 0.0910 sec/batch.
loss: 0.1703 , loss_c: 0.1429 , loss_l: 0.0267 , loss_con: 0.0008, lr : 0.0004
Training Accuracy : 99 
Training IoU : 10 
Epoch [20/100], timer: 0.0893 sec/batch.
loss: 0.1700 , loss_c: 0.1431 , loss_l: 0.0261 , loss_con: 0.0008, lr : 0.0002
Training Accuracy : 99 
Training IoU : 10 
Epoch [21/100], timer: 0.0919 sec/batch.
loss: 0.1695 , loss_c: 0.1433 , loss_l: 0.0254 , loss_con: 0.0008, lr : 0.0002
Training Accuracy : 99 
Training IoU : 9 
Epoch [22/100], timer: 0.0901 sec/batch.
loss: 0.1691 , loss_c: 0.1433 , loss_l: 0.0251 , loss_con: 0.0008, lr : 0.0002
Training Accuracy : 99 
Training IoU : 9 
Epoch [23/100], timer: 0.0890 sec/batch.
loss: 0.1697 , loss_c: 0.1431 , loss_l: 0.0259 , loss_con: 0.0008, lr : 0.0002
Training Accuracy : 99 
Training IoU : 10 
Epoch [24/100], timer: 0.0899 sec/batch.
loss: 0.1680 , loss_c: 0.1430 , loss_l: 0.0241 , loss_con: 0.0008, lr : 0.0002
Training Accuracy : 99 
Training IoU : 9 
Epoch [25/100], timer: 0.0930 sec/batch.
loss: 0.1697 , loss_c: 0.1436 , loss_l: 0.0254 , loss_con: 0.0008, lr : 0.0001
Training Accuracy : 99 
Training IoU : 9 
Epoch [26/100], timer: 0.0894 sec/batch.
loss: 0.1682 , loss_c: 0.1428 , loss_l: 0.0246 , loss_con: 0.0008, lr : 0.0001
Training Accuracy : 99 
Training IoU : 10 
Epoch [27/100], timer: 0.0900 sec/batch.
loss: 0.1686 , loss_c: 0.1432 , loss_l: 0.0247 , loss_con: 0.0008, lr : 0.0001
Training Accuracy : 99 
Training IoU : 10 
Epoch [28/100], timer: 0.0887 sec/batch.
loss: 0.1697 , loss_c: 0.1430 , loss_l: 0.0260 , loss_con: 0.0008, lr : 0.0001
Training Accuracy : 99 
Training IoU : 10 
Epoch [29/100], timer: 0.0895 sec/batch.
loss: 0.1730 , loss_c: 0.1425 , loss_l: 0.0297 , loss_con: 0.0008, lr : 0.0001
Training Accuracy : 99 
Training IoU : 10 
Epoch [30/100], timer: 0.0897 sec/batch.
loss: 0.1683 , loss_c: 0.1426 , loss_l: 0.0248 , loss_con: 0.0008, lr : 0.0000
Training Accuracy : 99 
Training IoU : 10 
Epoch [31/100], timer: 0.0877 sec/batch.
loss: 0.1673 , loss_c: 0.1428 , loss_l: 0.0237 , loss_con: 0.0008, lr : 0.0000
Training Accuracy : 99 
Training IoU : 10 
Epoch [32/100], timer: 0.0883 sec/batch.
loss: 0.1685 , loss_c: 0.1430 , loss_l: 0.0248 , loss_con: 0.0008, lr : 0.0000
Training Accuracy : 99 
Training IoU : 10 
Epoch [33/100], timer: 0.0906 sec/batch.
loss: 0.1665 , loss_c: 0.1425 , loss_l: 0.0233 , loss_con: 0.0008, lr : 0.0000
Training Accuracy : 99 
Training IoU : 11 
Epoch [34/100], timer: 0.0890 sec/batch.
loss: 0.1800 , loss_c: 0.1423 , loss_l: 0.0369 , loss_con: 0.0008, lr : 0.0000
Training Accuracy : 99 
Training IoU : 10 
Epoch [35/100], timer: 0.0874 sec/batch.
loss: 0.1686 , loss_c: 0.1429 , loss_l: 0.0250 , loss_con: 0.0008, lr : 0.0000
Training Accuracy : 99 
Training IoU : 10 
Epoch [36/100], timer: 0.0880 sec/batch.
loss: 0.1663 , loss_c: 0.1426 , loss_l: 0.0229 , loss_con: 0.0008, lr : 0.0000
Training Accuracy : 99 
Training IoU : 10 
Epoch [37/100], timer: 0.0878 sec/batch.
loss: 0.1836 , loss_c: 0.1424 , loss_l: 0.0404 , loss_con: 0.0008, lr : 0.0000
Training Accuracy : 99 
Training IoU : 10 
Epoch [38/100], timer: 0.0888 sec/batch.
loss: 0.1734 , loss_c: 0.1427 , loss_l: 0.0299 , loss_con: 0.0008, lr : 0.0000
Training Accuracy : 99 
Training IoU : 10 
Epoch [39/100], timer: 0.0885 sec/batch.
loss: 0.1668 , loss_c: 0.1427 , loss_l: 0.0234 , loss_con: 0.0008, lr : 0.0000
Training Accuracy : 99 
Training IoU : 10 
Epoch [40/100], timer: 0.0871 sec/batch.
loss: 0.1814 , loss_c: 0.1426 , loss_l: 0.0380 , loss_con: 0.0008, lr : 0.0000
Training Accuracy : 99 
Training IoU : 10 
Epoch [41/100], timer: 0.1768 sec/batch.
loss: 0.1686 , loss_c: 0.1425 , loss_l: 0.0253 , loss_con: 0.0008, lr : 0.0000
Training Accuracy : 99 
Training IoU : 10 
Epoch [42/100], timer: 0.0881 sec/batch.
loss: 0.1681 , loss_c: 0.1424 , loss_l: 0.0249 , loss_con: 0.0008, lr : 0.0000
Training Accuracy : 99 
Training IoU : 10 
Epoch [43/100], timer: 0.0889 sec/batch.
loss: 0.1668 , loss_c: 0.1423 , loss_l: 0.0238 , loss_con: 0.0008, lr : 0.0000
Training Accuracy : 99 
Training IoU : 9 
Epoch [44/100], timer: 0.0878 sec/batch.
loss: 0.1679 , loss_c: 0.1424 , loss_l: 0.0247 , loss_con: 0.0008, lr : 0.0000
Training Accuracy : 99 
Training IoU : 10 
Epoch [45/100], timer: 0.0888 sec/batch.
loss: 0.1671 , loss_c: 0.1424 , loss_l: 0.0239 , loss_con: 0.0008, lr : 0.0000
Training Accuracy : 99 
Training IoU : 10 
Epoch [46/100], timer: 0.0878 sec/batch.
loss: 0.1670 , loss_c: 0.1423 , loss_l: 0.0240 , loss_con: 0.0008, lr : 0.0000
Training Accuracy : 99 
Training IoU : 10 
Epoch [47/100], timer: 0.0888 sec/batch.
loss: 0.1663 , loss_c: 0.1425 , loss_l: 0.0230 , loss_con: 0.0008, lr : 0.0000
Training Accuracy : 99 
Training IoU : 9 
Epoch [48/100], timer: 0.0886 sec/batch.
loss: 0.1685 , loss_c: 0.1426 , loss_l: 0.0252 , loss_con: 0.0008, lr : 0.0000
Training Accuracy : 99 
Training IoU : 10 
Epoch [49/100], timer: 0.2147 sec/batch.
loss: 0.1683 , loss_c: 0.1423 , loss_l: 0.0252 , loss_con: 0.0008, lr : 0.0000
Training Accuracy : 99 
Training IoU : 10 
Epoch [50/100], timer: 0.0887 sec/batch.
loss: 0.1674 , loss_c: 0.1425 , loss_l: 0.0241 , loss_con: 0.0008, lr : 0.0000
Training Accuracy : 99 
Training IoU : 11 
Epoch [51/100], timer: 0.0883 sec/batch.
loss: 0.1676 , loss_c: 0.1429 , loss_l: 0.0239 , loss_con: 0.0008, lr : 0.0000
Training Accuracy : 99 
Training IoU : 10 
Epoch [52/100], timer: 0.0886 sec/batch.
loss: 0.1692 , loss_c: 0.1427 , loss_l: 0.0258 , loss_con: 0.0008, lr : 0.0000
Training Accuracy : 99 
Training IoU : 10 
Epoch [53/100], timer: 0.0886 sec/batch.
loss: 0.1830 , loss_c: 0.1425 , loss_l: 0.0397 , loss_con: 0.0008, lr : 0.0000
Training Accuracy : 99 
Training IoU : 10 
Epoch [54/100], timer: 0.0884 sec/batch.
loss: 0.1658 , loss_c: 0.1425 , loss_l: 0.0226 , loss_con: 0.0008, lr : 0.0000
Training Accuracy : 99 
Training IoU : 10 
Epoch [55/100], timer: 0.0875 sec/batch.
loss: 0.1668 , loss_c: 0.1426 , loss_l: 0.0235 , loss_con: 0.0008, lr : 0.0000
Training Accuracy : 99 
Training IoU : 10 
Epoch [56/100], timer: 0.0885 sec/batch.
loss: 0.1687 , loss_c: 0.1430 , loss_l: 0.0250 , loss_con: 0.0008, lr : 0.0000
Training Accuracy : 99 
Training IoU : 9 
Epoch [57/100], timer: 0.0888 sec/batch.
loss: 0.1676 , loss_c: 0.1424 , loss_l: 0.0244 , loss_con: 0.0008, lr : 0.0000
Training Accuracy : 99 
Training IoU : 10 
Epoch [58/100], timer: 0.0880 sec/batch.
loss: 0.1688 , loss_c: 0.1432 , loss_l: 0.0248 , loss_con: 0.0008, lr : 0.0000
Training Accuracy : 99 
Training IoU : 10 
Epoch [59/100], timer: 0.0889 sec/batch.
loss: 0.1695 , loss_c: 0.1429 , loss_l: 0.0258 , loss_con: 0.0008, lr : 0.0000
Training Accuracy : 99 
Training IoU : 11 
Epoch [60/100], timer: 0.0878 sec/batch.
loss: 0.1688 , loss_c: 0.1427 , loss_l: 0.0253 , loss_con: 0.0008, lr : 0.0000
Training Accuracy : 99 
Training IoU : 10 
Epoch [61/100], timer: 0.0873 sec/batch.
loss: 0.1686 , loss_c: 0.1428 , loss_l: 0.0250 , loss_con: 0.0008, lr : 0.0000
Training Accuracy : 99 
Training IoU : 10 
Epoch [62/100], timer: 0.0885 sec/batch.
loss: 0.1679 , loss_c: 0.1431 , loss_l: 0.0241 , loss_con: 0.0008, lr : 0.0000
Training Accuracy : 99 
Training IoU : 10 
Epoch [63/100], timer: 0.0894 sec/batch.
loss: 0.1676 , loss_c: 0.1425 , loss_l: 0.0243 , loss_con: 0.0008, lr : 0.0000
Training Accuracy : 99 
Training IoU : 10 
Epoch [64/100], timer: 0.0878 sec/batch.
loss: 0.1722 , loss_c: 0.1430 , loss_l: 0.0284 , loss_con: 0.0008, lr : 0.0000
Training Accuracy : 99 
Training IoU : 10 
Epoch [65/100], timer: 0.1721 sec/batch.
loss: 0.1808 , loss_c: 0.1426 , loss_l: 0.0375 , loss_con: 0.0008, lr : 0.0000
Training Accuracy : 99 
Training IoU : 11 
Epoch [66/100], timer: 0.0874 sec/batch.
loss: 0.1675 , loss_c: 0.1429 , loss_l: 0.0238 , loss_con: 0.0008, lr : 0.0000
Training Accuracy : 99 
Training IoU : 10 
Epoch [67/100], timer: 0.0881 sec/batch.
loss: 0.1674 , loss_c: 0.1425 , loss_l: 0.0242 , loss_con: 0.0008, lr : 0.0000
Training Accuracy : 99 
Training IoU : 10 
Epoch [68/100], timer: 0.0882 sec/batch.
loss: 0.1743 , loss_c: 0.1426 , loss_l: 0.0310 , loss_con: 0.0008, lr : 0.0000
Training Accuracy : 99 
Training IoU : 10 
Epoch [69/100], timer: 0.0875 sec/batch.
loss: 0.1671 , loss_c: 0.1425 , loss_l: 0.0238 , loss_con: 0.0008, lr : 0.0000
Training Accuracy : 99 
Training IoU : 10 
Epoch [70/100], timer: 0.0886 sec/batch.
loss: 0.1672 , loss_c: 0.1427 , loss_l: 0.0237 , loss_con: 0.0008, lr : 0.0000
Training Accuracy : 99 
Training IoU : 11 
Epoch [71/100], timer: 0.0888 sec/batch.
loss: 0.1694 , loss_c: 0.1426 , loss_l: 0.0260 , loss_con: 0.0008, lr : 0.0000
Training Accuracy : 99 
Training IoU : 10 
Epoch [72/100], timer: 0.0884 sec/batch.
loss: 0.1681 , loss_c: 0.1423 , loss_l: 0.0250 , loss_con: 0.0008, lr : 0.0000
Training Accuracy : 99 
Training IoU : 10 
Epoch [73/100], timer: 0.1962 sec/batch.
loss: 0.1669 , loss_c: 0.1423 , loss_l: 0.0238 , loss_con: 0.0008, lr : 0.0000
Training Accuracy : 99 
Training IoU : 10 
Epoch [74/100], timer: 0.0883 sec/batch.
loss: 0.1666 , loss_c: 0.1427 , loss_l: 0.0232 , loss_con: 0.0008, lr : 0.0000
Training Accuracy : 99 
Training IoU : 11 
Epoch [75/100], timer: 0.0877 sec/batch.
loss: 0.1662 , loss_c: 0.1425 , loss_l: 0.0229 , loss_con: 0.0008, lr : 0.0000
Training Accuracy : 99 
Training IoU : 9 
Epoch [76/100], timer: 0.0884 sec/batch.
loss: 0.1663 , loss_c: 0.1426 , loss_l: 0.0229 , loss_con: 0.0008, lr : 0.0000
Training Accuracy : 99 
Training IoU : 10 
Epoch [77/100], timer: 0.0879 sec/batch.
loss: 0.1660 , loss_c: 0.1426 , loss_l: 0.0227 , loss_con: 0.0008, lr : 0.0000
Training Accuracy : 99 
Training IoU : 10 
Epoch [78/100], timer: 0.0883 sec/batch.
loss: 0.1677 , loss_c: 0.1426 , loss_l: 0.0243 , loss_con: 0.0008, lr : 0.0000
Training Accuracy : 99 
Training IoU : 10 
Epoch [79/100], timer: 0.0887 sec/batch.
loss: 0.1725 , loss_c: 0.1424 , loss_l: 0.0294 , loss_con: 0.0008, lr : 0.0000
Training Accuracy : 99 
Training IoU : 10 
Epoch [80/100], timer: 0.0884 sec/batch.
loss: 0.1687 , loss_c: 0.1428 , loss_l: 0.0252 , loss_con: 0.0008, lr : 0.0000
Training Accuracy : 99 
Training IoU : 10 
Epoch [81/100], timer: 0.0876 sec/batch.
loss: 0.1716 , loss_c: 0.1432 , loss_l: 0.0276 , loss_con: 0.0008, lr : 0.0000
Training Accuracy : 99 
Training IoU : 9 
Epoch [82/100], timer: 0.0882 sec/batch.
loss: 0.1663 , loss_c: 0.1426 , loss_l: 0.0229 , loss_con: 0.0008, lr : 0.0000
Training Accuracy : 99 
Training IoU : 10 
Epoch [83/100], timer: 0.0879 sec/batch.
loss: 0.1663 , loss_c: 0.1424 , loss_l: 0.0231 , loss_con: 0.0008, lr : 0.0000
Training Accuracy : 99 
Training IoU : 10 
Epoch [84/100], timer: 0.0877 sec/batch.
loss: 0.1664 , loss_c: 0.1421 , loss_l: 0.0235 , loss_con: 0.0008, lr : 0.0000
Training Accuracy : 99 
Training IoU : 11 
Epoch [85/100], timer: 0.0890 sec/batch.
loss: 0.1665 , loss_c: 0.1421 , loss_l: 0.0237 , loss_con: 0.0008, lr : 0.0000
Training Accuracy : 99 
Training IoU : 10 
Epoch [86/100], timer: 0.0879 sec/batch.
loss: 0.1671 , loss_c: 0.1427 , loss_l: 0.0237 , loss_con: 0.0008, lr : 0.0000
Training Accuracy : 99 
Training IoU : 10 
Epoch [87/100], timer: 0.0885 sec/batch.
loss: 0.1662 , loss_c: 0.1426 , loss_l: 0.0228 , loss_con: 0.0008, lr : 0.0000
Training Accuracy : 99 
Training IoU : 10 
Epoch [88/100], timer: 0.0875 sec/batch.
loss: 0.1835 , loss_c: 0.1427 , loss_l: 0.0400 , loss_con: 0.0008, lr : 0.0000
Training Accuracy : 99 
Training IoU : 9 
Epoch [89/100], timer: 0.1978 sec/batch.
loss: 0.1681 , loss_c: 0.1424 , loss_l: 0.0248 , loss_con: 0.0008, lr : 0.0000
Training Accuracy : 99 
Training IoU : 10 
Epoch [90/100], timer: 0.0894 sec/batch.
loss: 0.1666 , loss_c: 0.1423 , loss_l: 0.0235 , loss_con: 0.0008, lr : 0.0000
Training Accuracy : 99 
Training IoU : 10 
Epoch [91/100], timer: 0.0886 sec/batch.
loss: 0.1678 , loss_c: 0.1428 , loss_l: 0.0242 , loss_con: 0.0008, lr : 0.0000
Training Accuracy : 99 
Training IoU : 10 
Epoch [92/100], timer: 0.0899 sec/batch.
loss: 0.1665 , loss_c: 0.1429 , loss_l: 0.0228 , loss_con: 0.0008, lr : 0.0000
Training Accuracy : 99 
Training IoU : 10 
Epoch [93/100], timer: 0.0881 sec/batch.
loss: 0.1690 , loss_c: 0.1425 , loss_l: 0.0256 , loss_con: 0.0008, lr : 0.0000
Training Accuracy : 99 
Training IoU : 10 
Epoch [94/100], timer: 0.0883 sec/batch.
loss: 0.1670 , loss_c: 0.1430 , loss_l: 0.0232 , loss_con: 0.0008, lr : 0.0000
Training Accuracy : 99 
Training IoU : 10 
Epoch [95/100], timer: 0.0879 sec/batch.
loss: 0.1684 , loss_c: 0.1429 , loss_l: 0.0247 , loss_con: 0.0008, lr : 0.0000
Training Accuracy : 99 
Training IoU : 10 
Epoch [96/100], timer: 0.0889 sec/batch.
loss: 0.1672 , loss_c: 0.1429 , loss_l: 0.0235 , loss_con: 0.0008, lr : 0.0000
Training Accuracy : 99 
Training IoU : 10 
Epoch [97/100], timer: 0.1811 sec/batch.
loss: 0.1692 , loss_c: 0.1426 , loss_l: 0.0258 , loss_con: 0.0008, lr : 0.0000
Training Accuracy : 99 
Training IoU : 10 
Epoch [98/100], timer: 0.0886 sec/batch.
loss: 0.1680 , loss_c: 0.1430 , loss_l: 0.0242 , loss_con: 0.0008, lr : 0.0000
Training Accuracy : 99 
Training IoU : 10 
Epoch [99/100], timer: 0.0893 sec/batch.
loss: 0.1684 , loss_c: 0.1425 , loss_l: 0.0251 , loss_con: 0.0008, lr : 0.0000
Training Accuracy : 99 
Training IoU : 10 
Epoch [100/100], timer: 0.0875 sec/batch.
loss: 0.1747 , loss_c: 0.1422 , loss_l: 0.0317 , loss_con: 0.0008, lr : 0.0000
Training Accuracy : 99 
Training IoU : 11 
==================================================================================================
Training Complete
Ending script...
Tue Mar 17 05:28:07 EDT 2020
